# JRE version: OpenJDK Runtime Environment (8.0_91-b14) (build 1.8.0_91-8u91-b14-3ubuntu1~16.04.1-b14)
# Java VM: OpenJDK 64-Bit Server VM (25.91-b14 mixed mode linux-amd64 compressed oops)
Heap:
 PSYoungGen      total 260608K, used 11153K [0x00000000d8000000, 0x00000000e8e00000, 0x0000000100000000)
  eden space 245248K, 0% used [0x00000000d8000000,0x00000000d8000000,0x00000000e6f80000)
  from space 15360K, 72% used [0x00000000e6f80000,0x00000000e7a646d0,0x00000000e7e80000)
  to   space 14848K, 0% used [0x00000000e7e80000,0x00000000e7e80000,0x00000000e8d00000)
 ParOldGen       total 81920K, used 33269K [0x0000000088000000, 0x000000008d000000, 0x00000000d8000000)
  object space 81920K, 40% used [0x0000000088000000,0x000000008a07d650,0x000000008d000000)
 Metaspace       used 9824K, capacity 10028K, committed 10112K, reserved 1058816K
  class space    used 1061K, capacity 1125K, committed 1152K, reserved 1048576K
GC Heap History (10 events):
Event: 0.561 GC heap after
Heap after GC invocations=2 (full 0):
 PSYoungGen      total 66560K, used 5096K [0x00000000d8000000, 0x00000000dc600000, 0x0000000100000000)
  eden space 61440K, 0% used [0x00000000d8000000,0x00000000d8000000,0x00000000dbc00000)
  from space 5120K, 99% used [0x00000000dc100000,0x00000000dc5fa300,0x00000000dc600000)
  to   space 5120K, 0% used [0x00000000dbc00000,0x00000000dbc00000,0x00000000dc100000)
 ParOldGen       total 81920K, used 13363K [0x0000000088000000, 0x000000008d000000, 0x00000000d8000000)
  object space 81920K, 16% used [0x0000000088000000,0x0000000088d0ce30,0x000000008d000000)
 Metaspace       used 9494K, capacity 9676K, committed 9856K, reserved 1058816K
  class space    used 1027K, capacity 1093K, committed 1152K, reserved 1048576K
}
Event: 1.838 GC heap before
{Heap before GC invocations=3 (full 0):
 PSYoungGen      total 66560K, used 66536K [0x00000000d8000000, 0x00000000dc600000, 0x0000000100000000)
  eden space 61440K, 100% used [0x00000000d8000000,0x00000000dbc00000,0x00000000dbc00000)
  from space 5120K, 99% used [0x00000000dc100000,0x00000000dc5fa300,0x00000000dc600000)
  to   space 5120K, 0% used [0x00000000dbc00000,0x00000000dbc00000,0x00000000dc100000)
 ParOldGen       total 81920K, used 13363K [0x0000000088000000, 0x000000008d000000, 0x00000000d8000000)
  object space 81920K, 16% used [0x0000000088000000,0x0000000088d0ce30,0x000000008d000000)
 Metaspace       used 9803K, capacity 9964K, committed 10112K, reserved 1058816K
  class space    used 1061K, capacity 1125K, committed 1152K, reserved 1048576K
Event: 1.848 GC heap after
Heap after GC invocations=3 (full 0):
 PSYoungGen      total 66560K, used 5110K [0x00000000d8000000, 0x00000000e0200000, 0x0000000100000000)
  eden space 61440K, 0% used [0x00000000d8000000,0x00000000d8000000,0x00000000dbc00000)
  from space 5120K, 99% used [0x00000000dbc00000,0x00000000dc0fdac0,0x00000000dc100000)
  to   space 5120K, 0% used [0x00000000dfd00000,0x00000000dfd00000,0x00000000e0200000)
 ParOldGen       total 81920K, used 19925K [0x0000000088000000, 0x000000008d000000, 0x00000000d8000000)
  object space 81920K, 24% used [0x0000000088000000,0x00000000893755a0,0x000000008d000000)
 Metaspace       used 9803K, capacity 9964K, committed 10112K, reserved 1058816K
  class space    used 1061K, capacity 1125K, committed 1152K, reserved 1048576K
}
Event: 1.952 GC heap before
{Heap before GC invocations=4 (full 0):
 PSYoungGen      total 66560K, used 66550K [0x00000000d8000000, 0x00000000e0200000, 0x0000000100000000)
  eden space 61440K, 100% used [0x00000000d8000000,0x00000000dbc00000,0x00000000dbc00000)
  from space 5120K, 99% used [0x00000000dbc00000,0x00000000dc0fdac0,0x00000000dc100000)
  to   space 5120K, 0% used [0x00000000dfd00000,0x00000000dfd00000,0x00000000e0200000)
 ParOldGen       total 81920K, used 19925K [0x0000000088000000, 0x000000008d000000, 0x00000000d8000000)
  object space 81920K, 24% used [0x0000000088000000,0x00000000893755a0,0x000000008d000000)
 Metaspace       used 9804K, capacity 9964K, committed 10112K, reserved 1058816K
  class space    used 1061K, capacity 1125K, committed 1152K, reserved 1048576K
Event: 1.965 GC heap after
Heap after GC invocations=4 (full 0):
 PSYoungGen      total 128000K, used 5110K [0x00000000d8000000, 0x00000000e0200000, 0x0000000100000000)
  eden space 122880K, 0% used [0x00000000d8000000,0x00000000d8000000,0x00000000df800000)
  from space 5120K, 99% used [0x00000000dfd00000,0x00000000e01fdac0,0x00000000e0200000)
  to   space 5120K, 0% used [0x00000000df800000,0x00000000df800000,0x00000000dfd00000)
 ParOldGen       total 81920K, used 26524K [0x0000000088000000, 0x000000008d000000, 0x00000000d8000000)
  object space 81920K, 32% used [0x0000000088000000,0x00000000899e7370,0x000000008d000000)
 Metaspace       used 9804K, capacity 9964K, committed 10112K, reserved 1058816K
  class space    used 1061K, capacity 1125K, committed 1152K, reserved 1048576K
}
Event: 2.304 GC heap before
{Heap before GC invocations=5 (full 0):
 PSYoungGen      total 128000K, used 127990K [0x00000000d8000000, 0x00000000e0200000, 0x0000000100000000)
  eden space 122880K, 100% used [0x00000000d8000000,0x00000000df800000,0x00000000df800000)
  from space 5120K, 99% used [0x00000000dfd00000,0x00000000e01fdac0,0x00000000e0200000)
  to   space 5120K, 0% used [0x00000000df800000,0x00000000df800000,0x00000000dfd00000)
 ParOldGen       total 81920K, used 26524K [0x0000000088000000, 0x000000008d000000, 0x00000000d8000000)
  object space 81920K, 32% used [0x0000000088000000,0x00000000899e7370,0x000000008d000000)
 Metaspace       used 9810K, capacity 9964K, committed 10112K, reserved 1058816K
  class space    used 1061K, capacity 1125K, committed 1152K, reserved 1048576K
Event: 2.327 GC heap after
Heap after GC invocations=5 (full 0):
 PSYoungGen      total 128000K, used 3880K [0x00000000d8000000, 0x00000000e8d00000, 0x0000000100000000)
  eden space 122880K, 0% used [0x00000000d8000000,0x00000000d8000000,0x00000000df800000)
  from space 5120K, 75% used [0x00000000df800000,0x00000000dfbca2e0,0x00000000dfd00000)
  to   space 14848K, 0% used [0x00000000e7e80000,0x00000000e7e80000,0x00000000e8d00000)
 ParOldGen       total 81920K, used 32392K [0x0000000088000000, 0x000000008d000000, 0x00000000d8000000)
  object space 81920K, 39% used [0x0000000088000000,0x0000000089fa2110,0x000000008d000000)
 Metaspace       used 9810K, capacity 9964K, committed 10112K, reserved 1058816K
  class space    used 1061K, capacity 1125K, committed 1152K, reserved 1048576K
}
Event: 2.532 GC heap before
{Heap before GC invocations=6 (full 0):
 PSYoungGen      total 128000K, used 126760K [0x00000000d8000000, 0x00000000e8d00000, 0x0000000100000000)
  eden space 122880K, 100% used [0x00000000d8000000,0x00000000df800000,0x00000000df800000)
  from space 5120K, 75% used [0x00000000df800000,0x00000000dfbca2e0,0x00000000dfd00000)
  to   space 14848K, 0% used [0x00000000e7e80000,0x00000000e7e80000,0x00000000e8d00000)
 ParOldGen       total 81920K, used 32392K [0x0000000088000000, 0x000000008d000000, 0x00000000d8000000)
  object space 81920K, 39% used [0x0000000088000000,0x0000000089fa2110,0x000000008d000000)
 Metaspace       used 9814K, capacity 10028K, committed 10112K, reserved 1058816K
  class space    used 1061K, capacity 1125K, committed 1152K, reserved 1048576K
Event: 2.545 GC heap after
Heap after GC invocations=6 (full 0):
 PSYoungGen      total 260096K, used 12844K [0x00000000d8000000, 0x00000000e8e00000, 0x0000000100000000)
  eden space 245248K, 0% used [0x00000000d8000000,0x00000000d8000000,0x00000000e6f80000)
  from space 14848K, 86% used [0x00000000e7e80000,0x00000000e8b0b0a0,0x00000000e8d00000)
  to   space 15360K, 0% used [0x00000000e6f80000,0x00000000e6f80000,0x00000000e7e80000)
 ParOldGen       total 81920K, used 32400K [0x0000000088000000, 0x000000008d000000, 0x00000000d8000000)
  object space 81920K, 39% used [0x0000000088000000,0x0000000089fa4110,0x000000008d000000)
 Metaspace       used 9814K, capacity 10028K, committed 10112K, reserved 1058816K
  class space    used 1061K, capacity 1125K, committed 1152K, reserved 1048576K
}
Event: 3.292 GC heap before
{Heap before GC invocations=7 (full 0):
 PSYoungGen      total 260096K, used 258092K [0x00000000d8000000, 0x00000000e8e00000, 0x0000000100000000)
  eden space 245248K, 100% used [0x00000000d8000000,0x00000000e6f80000,0x00000000e6f80000)
  from space 14848K, 86% used [0x00000000e7e80000,0x00000000e8b0b0a0,0x00000000e8d00000)
  to   space 15360K, 0% used [0x00000000e6f80000,0x00000000e6f80000,0x00000000e7e80000)
 ParOldGen       total 81920K, used 32400K [0x0000000088000000, 0x000000008d000000, 0x00000000d8000000)
  object space 81920K, 39% used [0x0000000088000000,0x0000000089fa4110,0x000000008d000000)
 Metaspace       used 9824K, capacity 10028K, committed 10112K, reserved 1058816K
  class space    used 1061K, capacity 1125K, committed 1152K, reserved 1048576K

