# JRE version: OpenJDK Runtime Environment (8.0_91-b14) (build 1.8.0_91-8u91-b14-3ubuntu1~16.04.1-b14)
# Java VM: OpenJDK 64-Bit Server VM (25.91-b14 mixed mode linux-amd64 compressed oops)
Heap:
 PSYoungGen      total 262656K, used 8949K [0x00000000d8000000, 0x00000000e9100000, 0x0000000100000000)
  eden space 245760K, 0% used [0x00000000d8000000,0x00000000d8000000,0x00000000e7000000)
  from space 16896K, 52% used [0x00000000e7000000,0x00000000e78bd470,0x00000000e8080000)
  to   space 16384K, 0% used [0x00000000e8100000,0x00000000e8100000,0x00000000e9100000)
 ParOldGen       total 81920K, used 36531K [0x0000000088000000, 0x000000008d000000, 0x00000000d8000000)
  object space 81920K, 44% used [0x0000000088000000,0x000000008a3acc28,0x000000008d000000)
 Metaspace       used 9921K, capacity 10084K, committed 10112K, reserved 1058816K
  class space    used 1061K, capacity 1125K, committed 1152K, reserved 1048576K
GC Heap History (10 events):
Event: 1.850 GC heap after
Heap after GC invocations=2 (full 0):
 PSYoungGen      total 66560K, used 5109K [0x00000000d8000000, 0x00000000dc600000, 0x0000000100000000)
  eden space 61440K, 0% used [0x00000000d8000000,0x00000000d8000000,0x00000000dbc00000)
  from space 5120K, 99% used [0x00000000dc100000,0x00000000dc5fd6e0,0x00000000dc600000)
  to   space 5120K, 0% used [0x00000000dbc00000,0x00000000dbc00000,0x00000000dc100000)
 ParOldGen       total 81920K, used 15676K [0x0000000088000000, 0x000000008d000000, 0x00000000d8000000)
  object space 81920K, 19% used [0x0000000088000000,0x0000000088f4f2c0,0x000000008d000000)
 Metaspace       used 9827K, capacity 10016K, committed 10112K, reserved 1058816K
  class space    used 1061K, capacity 1125K, committed 1152K, reserved 1048576K
}
Event: 1.943 GC heap before
{Heap before GC invocations=3 (full 0):
 PSYoungGen      total 66560K, used 66549K [0x00000000d8000000, 0x00000000dc600000, 0x0000000100000000)
  eden space 61440K, 100% used [0x00000000d8000000,0x00000000dbc00000,0x00000000dbc00000)
  from space 5120K, 99% used [0x00000000dc100000,0x00000000dc5fd6e0,0x00000000dc600000)
  to   space 5120K, 0% used [0x00000000dbc00000,0x00000000dbc00000,0x00000000dc100000)
 ParOldGen       total 81920K, used 15676K [0x0000000088000000, 0x000000008d000000, 0x00000000d8000000)
  object space 81920K, 19% used [0x0000000088000000,0x0000000088f4f2c0,0x000000008d000000)
 Metaspace       used 9841K, capacity 10016K, committed 10112K, reserved 1058816K
  class space    used 1061K, capacity 1125K, committed 1152K, reserved 1048576K
Event: 1.967 GC heap after
Heap after GC invocations=3 (full 0):
 PSYoungGen      total 66560K, used 5093K [0x00000000d8000000, 0x00000000e0200000, 0x0000000100000000)
  eden space 61440K, 0% used [0x00000000d8000000,0x00000000d8000000,0x00000000dbc00000)
  from space 5120K, 99% used [0x00000000dbc00000,0x00000000dc0f96f0,0x00000000dc100000)
  to   space 5120K, 0% used [0x00000000dfd00000,0x00000000dfd00000,0x00000000e0200000)
 ParOldGen       total 81920K, used 23236K [0x0000000088000000, 0x000000008d000000, 0x00000000d8000000)
  object space 81920K, 28% used [0x0000000088000000,0x00000000896b12b0,0x000000008d000000)
 Metaspace       used 9841K, capacity 10016K, committed 10112K, reserved 1058816K
  class space    used 1061K, capacity 1125K, committed 1152K, reserved 1048576K
}
Event: 2.042 GC heap before
{Heap before GC invocations=4 (full 0):
 PSYoungGen      total 66560K, used 64135K [0x00000000d8000000, 0x00000000e0200000, 0x0000000100000000)
  eden space 61440K, 96% used [0x00000000d8000000,0x00000000db9a88d8,0x00000000dbc00000)
  from space 5120K, 99% used [0x00000000dbc00000,0x00000000dc0f96f0,0x00000000dc100000)
  to   space 5120K, 0% used [0x00000000dfd00000,0x00000000dfd00000,0x00000000e0200000)
 ParOldGen       total 81920K, used 23236K [0x0000000088000000, 0x000000008d000000, 0x00000000d8000000)
  object space 81920K, 28% used [0x0000000088000000,0x00000000896b12b0,0x000000008d000000)
 Metaspace       used 9845K, capacity 10020K, committed 10112K, reserved 1058816K
  class space    used 1061K, capacity 1125K, committed 1152K, reserved 1048576K
Event: 2.053 GC heap after
Heap after GC invocations=4 (full 0):
 PSYoungGen      total 128000K, used 4629K [0x00000000d8000000, 0x00000000e0200000, 0x0000000100000000)
  eden space 122880K, 0% used [0x00000000d8000000,0x00000000d8000000,0x00000000df800000)
  from space 5120K, 90% used [0x00000000dfd00000,0x00000000e0185700,0x00000000e0200000)
  to   space 5120K, 0% used [0x00000000df800000,0x00000000df800000,0x00000000dfd00000)
 ParOldGen       total 81920K, used 29096K [0x0000000088000000, 0x000000008d000000, 0x00000000d8000000)
  object space 81920K, 35% used [0x0000000088000000,0x0000000089c6a050,0x000000008d000000)
 Metaspace       used 9845K, capacity 10020K, committed 10112K, reserved 1058816K
  class space    used 1061K, capacity 1125K, committed 1152K, reserved 1048576K
}
Event: 2.230 GC heap before
{Heap before GC invocations=5 (full 0):
 PSYoungGen      total 128000K, used 127509K [0x00000000d8000000, 0x00000000e0200000, 0x0000000100000000)
  eden space 122880K, 100% used [0x00000000d8000000,0x00000000df800000,0x00000000df800000)
  from space 5120K, 90% used [0x00000000dfd00000,0x00000000e0185700,0x00000000e0200000)
  to   space 5120K, 0% used [0x00000000df800000,0x00000000df800000,0x00000000dfd00000)
 ParOldGen       total 81920K, used 29096K [0x0000000088000000, 0x000000008d000000, 0x00000000d8000000)
  object space 81920K, 35% used [0x0000000088000000,0x0000000089c6a050,0x000000008d000000)
 Metaspace       used 9861K, capacity 10020K, committed 10112K, reserved 1058816K
  class space    used 1061K, capacity 1125K, committed 1152K, reserved 1048576K
Event: 2.243 GC heap after
Heap after GC invocations=5 (full 0):
 PSYoungGen      total 128000K, used 4647K [0x00000000d8000000, 0x00000000e9200000, 0x0000000100000000)
  eden space 122880K, 0% used [0x00000000d8000000,0x00000000d8000000,0x00000000df800000)
  from space 5120K, 90% used [0x00000000df800000,0x00000000dfc89f00,0x00000000dfd00000)
  to   space 17408K, 0% used [0x00000000e8100000,0x00000000e8100000,0x00000000e9200000)
 ParOldGen       total 81920K, used 34955K [0x0000000088000000, 0x000000008d000000, 0x00000000d8000000)
  object space 81920K, 42% used [0x0000000088000000,0x000000008a222df0,0x000000008d000000)
 Metaspace       used 9861K, capacity 10020K, committed 10112K, reserved 1058816K
  class space    used 1061K, capacity 1125K, committed 1152K, reserved 1048576K
}
Event: 2.390 GC heap before
{Heap before GC invocations=6 (full 0):
 PSYoungGen      total 128000K, used 127527K [0x00000000d8000000, 0x00000000e9200000, 0x0000000100000000)
  eden space 122880K, 100% used [0x00000000d8000000,0x00000000df800000,0x00000000df800000)
  from space 5120K, 90% used [0x00000000df800000,0x00000000dfc89f00,0x00000000dfd00000)
  to   space 17408K, 0% used [0x00000000e8100000,0x00000000e8100000,0x00000000e9200000)
 ParOldGen       total 81920K, used 34955K [0x0000000088000000, 0x000000008d000000, 0x00000000d8000000)
  object space 81920K, 42% used [0x0000000088000000,0x000000008a222df0,0x000000008d000000)
 Metaspace       used 9864K, capacity 10020K, committed 10112K, reserved 1058816K
  class space    used 1061K, capacity 1125K, committed 1152K, reserved 1048576K
Event: 2.405 GC heap after
Heap after GC invocations=6 (full 0):
 PSYoungGen      total 262144K, used 10521K [0x00000000d8000000, 0x00000000e9100000, 0x0000000100000000)
  eden space 245760K, 0% used [0x00000000d8000000,0x00000000d8000000,0x00000000e7000000)
  from space 16384K, 64% used [0x00000000e8100000,0x00000000e8b46480,0x00000000e9100000)
  to   space 16896K, 0% used [0x00000000e7000000,0x00000000e7000000,0x00000000e8080000)
 ParOldGen       total 81920K, used 34955K [0x0000000088000000, 0x000000008d000000, 0x00000000d8000000)
  object space 81920K, 42% used [0x0000000088000000,0x000000008a222df0,0x000000008d000000)
 Metaspace       used 9864K, capacity 10020K, committed 10112K, reserved 1058816K
  class space    used 1061K, capacity 1125K, committed 1152K, reserved 1048576K
}
Event: 2.906 GC heap before
{Heap before GC invocations=7 (full 0):
 PSYoungGen      total 262144K, used 256281K [0x00000000d8000000, 0x00000000e9100000, 0x0000000100000000)
  eden space 245760K, 100% used [0x00000000d8000000,0x00000000e7000000,0x00000000e7000000)
  from space 16384K, 64% used [0x00000000e8100000,0x00000000e8b46480,0x00000000e9100000)
  to   space 16896K, 0% used [0x00000000e7000000,0x00000000e7000000,0x00000000e8080000)
 ParOldGen       total 81920K, used 34955K [0x0000000088000000, 0x000000008d000000, 0x00000000d8000000)
  object space 81920K, 42% used [0x0000000088000000,0x000000008a222df0,0x000000008d000000)
 Metaspace       used 9921K, capacity 10084K, committed 10112K, reserved 1058816K
  class space    used 1061K, capacity 1125K, committed 1152K, reserved 1048576K

