# JRE version: OpenJDK Runtime Environment (8.0_91-b14) (build 1.8.0_91-8u91-b14-3ubuntu1~16.04.1-b14)
# Java VM: OpenJDK 64-Bit Server VM (25.91-b14 mixed mode linux-amd64 compressed oops)
Heap:
 PSYoungGen      total 264192K, used 9077K [0x00000000d8000000, 0x00000000e9400000, 0x0000000100000000)
  eden space 245760K, 0% used [0x00000000d8000000,0x00000000d8000000,0x00000000e7000000)
  from space 18432K, 49% used [0x00000000e7000000,0x00000000e78dd470,0x00000000e8200000)
  to   space 17920K, 0% used [0x00000000e8280000,0x00000000e8280000,0x00000000e9400000)
 ParOldGen       total 81920K, used 44388K [0x0000000088000000, 0x000000008d000000, 0x00000000d8000000)
  object space 81920K, 54% used [0x0000000088000000,0x000000008ab59150,0x000000008d000000)
 Metaspace       used 9833K, capacity 10028K, committed 10112K, reserved 1058816K
  class space    used 1061K, capacity 1125K, committed 1152K, reserved 1048576K
GC Heap History (10 events):
Event: 0.433 GC heap after
Heap after GC invocations=2 (full 0):
 PSYoungGen      total 66560K, used 5110K [0x00000000d8000000, 0x00000000dc600000, 0x0000000100000000)
  eden space 61440K, 0% used [0x00000000d8000000,0x00000000d8000000,0x00000000dbc00000)
  from space 5120K, 99% used [0x00000000dc100000,0x00000000dc5fdac0,0x00000000dc600000)
  to   space 5120K, 0% used [0x00000000dbc00000,0x00000000dbc00000,0x00000000dc100000)
 ParOldGen       total 81920K, used 20221K [0x0000000088000000, 0x000000008d000000, 0x00000000d8000000)
  object space 81920K, 24% used [0x0000000088000000,0x00000000893bf670,0x000000008d000000)
 Metaspace       used 9691K, capacity 9836K, committed 10112K, reserved 1058816K
  class space    used 1054K, capacity 1125K, committed 1152K, reserved 1048576K
}
Event: 1.267 GC heap before
{Heap before GC invocations=3 (full 0):
 PSYoungGen      total 66560K, used 66550K [0x00000000d8000000, 0x00000000dc600000, 0x0000000100000000)
  eden space 61440K, 100% used [0x00000000d8000000,0x00000000dbc00000,0x00000000dbc00000)
  from space 5120K, 99% used [0x00000000dc100000,0x00000000dc5fdac0,0x00000000dc600000)
  to   space 5120K, 0% used [0x00000000dbc00000,0x00000000dbc00000,0x00000000dc100000)
 ParOldGen       total 81920K, used 20221K [0x0000000088000000, 0x000000008d000000, 0x00000000d8000000)
  object space 81920K, 24% used [0x0000000088000000,0x00000000893bf670,0x000000008d000000)
 Metaspace       used 9805K, capacity 9964K, committed 10112K, reserved 1058816K
  class space    used 1061K, capacity 1125K, committed 1152K, reserved 1048576K
Event: 1.280 GC heap after
Heap after GC invocations=3 (full 0):
 PSYoungGen      total 66560K, used 5096K [0x00000000d8000000, 0x00000000e0200000, 0x0000000100000000)
  eden space 61440K, 0% used [0x00000000d8000000,0x00000000d8000000,0x00000000dbc00000)
  from space 5120K, 99% used [0x00000000dbc00000,0x00000000dc0fa2e0,0x00000000dc100000)
  to   space 5120K, 0% used [0x00000000dfd00000,0x00000000dfd00000,0x00000000e0200000)
 ParOldGen       total 81920K, used 30048K [0x0000000088000000, 0x000000008d000000, 0x00000000d8000000)
  object space 81920K, 36% used [0x0000000088000000,0x0000000089d583b0,0x000000008d000000)
 Metaspace       used 9805K, capacity 9964K, committed 10112K, reserved 1058816K
  class space    used 1061K, capacity 1125K, committed 1152K, reserved 1048576K
}
Event: 1.377 GC heap before
{Heap before GC invocations=4 (full 0):
 PSYoungGen      total 66560K, used 66536K [0x00000000d8000000, 0x00000000e0200000, 0x0000000100000000)
  eden space 61440K, 100% used [0x00000000d8000000,0x00000000dbc00000,0x00000000dbc00000)
  from space 5120K, 99% used [0x00000000dbc00000,0x00000000dc0fa2e0,0x00000000dc100000)
  to   space 5120K, 0% used [0x00000000dfd00000,0x00000000dfd00000,0x00000000e0200000)
 ParOldGen       total 81920K, used 30048K [0x0000000088000000, 0x000000008d000000, 0x00000000d8000000)
  object space 81920K, 36% used [0x0000000088000000,0x0000000089d583b0,0x000000008d000000)
 Metaspace       used 9805K, capacity 9964K, committed 10112K, reserved 1058816K
  class space    used 1061K, capacity 1125K, committed 1152K, reserved 1048576K
Event: 1.385 GC heap after
Heap after GC invocations=4 (full 0):
 PSYoungGen      total 128000K, used 5112K [0x00000000d8000000, 0x00000000e0200000, 0x0000000100000000)
  eden space 122880K, 0% used [0x00000000d8000000,0x00000000d8000000,0x00000000df800000)
  from space 5120K, 99% used [0x00000000dfd00000,0x00000000e01fe2f0,0x00000000e0200000)
  to   space 5120K, 0% used [0x00000000df800000,0x00000000df800000,0x00000000dfd00000)
 ParOldGen       total 81920K, used 36889K [0x0000000088000000, 0x000000008d000000, 0x00000000d8000000)
  object space 81920K, 45% used [0x0000000088000000,0x000000008a406470,0x000000008d000000)
 Metaspace       used 9805K, capacity 9964K, committed 10112K, reserved 1058816K
  class space    used 1061K, capacity 1125K, committed 1152K, reserved 1048576K
}
Event: 1.597 GC heap before
{Heap before GC invocations=5 (full 0):
 PSYoungGen      total 128000K, used 127992K [0x00000000d8000000, 0x00000000e0200000, 0x0000000100000000)
  eden space 122880K, 100% used [0x00000000d8000000,0x00000000df800000,0x00000000df800000)
  from space 5120K, 99% used [0x00000000dfd00000,0x00000000e01fe2f0,0x00000000e0200000)
  to   space 5120K, 0% used [0x00000000df800000,0x00000000df800000,0x00000000dfd00000)
 ParOldGen       total 81920K, used 36889K [0x0000000088000000, 0x000000008d000000, 0x00000000d8000000)
  object space 81920K, 45% used [0x0000000088000000,0x000000008a406470,0x000000008d000000)
 Metaspace       used 9816K, capacity 10028K, committed 10112K, reserved 1058816K
  class space    used 1061K, capacity 1125K, committed 1152K, reserved 1048576K
Event: 1.628 GC heap after
Heap after GC invocations=5 (full 0):
 PSYoungGen      total 128000K, used 5094K [0x00000000d8000000, 0x00000000e9500000, 0x0000000100000000)
  eden space 122880K, 0% used [0x00000000d8000000,0x00000000d8000000,0x00000000df800000)
  from space 5120K, 99% used [0x00000000df800000,0x00000000dfcf9ad0,0x00000000dfd00000)
  to   space 18944K, 0% used [0x00000000e8280000,0x00000000e8280000,0x00000000e9500000)
 ParOldGen       total 81920K, used 43504K [0x0000000088000000, 0x000000008d000000, 0x00000000d8000000)
  object space 81920K, 53% used [0x0000000088000000,0x000000008aa7c3a0,0x000000008d000000)
 Metaspace       used 9816K, capacity 10028K, committed 10112K, reserved 1058816K
  class space    used 1061K, capacity 1125K, committed 1152K, reserved 1048576K
}
Event: 1.762 GC heap before
{Heap before GC invocations=6 (full 0):
 PSYoungGen      total 128000K, used 127974K [0x00000000d8000000, 0x00000000e9500000, 0x0000000100000000)
  eden space 122880K, 100% used [0x00000000d8000000,0x00000000df800000,0x00000000df800000)
  from space 5120K, 99% used [0x00000000df800000,0x00000000dfcf9ad0,0x00000000dfd00000)
  to   space 18944K, 0% used [0x00000000e8280000,0x00000000e8280000,0x00000000e9500000)
 ParOldGen       total 81920K, used 43504K [0x0000000088000000, 0x000000008d000000, 0x00000000d8000000)
  object space 81920K, 53% used [0x0000000088000000,0x000000008aa7c3a0,0x000000008d000000)
 Metaspace       used 9819K, capacity 10028K, committed 10112K, reserved 1058816K
  class space    used 1061K, capacity 1125K, committed 1152K, reserved 1048576K
Event: 1.774 GC heap after
Heap after GC invocations=6 (full 0):
 PSYoungGen      total 263680K, used 11990K [0x00000000d8000000, 0x00000000e9400000, 0x0000000100000000)
  eden space 245760K, 0% used [0x00000000d8000000,0x00000000d8000000,0x00000000e7000000)
  from space 17920K, 66% used [0x00000000e8280000,0x00000000e8e35ac0,0x00000000e9400000)
  to   space 18432K, 0% used [0x00000000e7000000,0x00000000e7000000,0x00000000e8200000)
 ParOldGen       total 81920K, used 43504K [0x0000000088000000, 0x000000008d000000, 0x00000000d8000000)
  object space 81920K, 53% used [0x0000000088000000,0x000000008aa7c3a0,0x000000008d000000)
 Metaspace       used 9819K, capacity 10028K, committed 10112K, reserved 1058816K
  class space    used 1061K, capacity 1125K, committed 1152K, reserved 1048576K
}
Event: 2.249 GC heap before
{Heap before GC invocations=7 (full 0):
 PSYoungGen      total 263680K, used 257750K [0x00000000d8000000, 0x00000000e9400000, 0x0000000100000000)
  eden space 245760K, 100% used [0x00000000d8000000,0x00000000e7000000,0x00000000e7000000)
  from space 17920K, 66% used [0x00000000e8280000,0x00000000e8e35ac0,0x00000000e9400000)
  to   space 18432K, 0% used [0x00000000e7000000,0x00000000e7000000,0x00000000e8200000)
 ParOldGen       total 81920K, used 43504K [0x0000000088000000, 0x000000008d000000, 0x00000000d8000000)
  object space 81920K, 53% used [0x0000000088000000,0x000000008aa7c3a0,0x000000008d000000)
 Metaspace       used 9833K, capacity 10028K, committed 10112K, reserved 1058816K
  class space    used 1061K, capacity 1125K, committed 1152K, reserved 1048576K

