# JRE version: OpenJDK Runtime Environment (8.0_91-b14) (build 1.8.0_91-8u91-b14-3ubuntu1~16.04.1-b14)
# Java VM: OpenJDK 64-Bit Server VM (25.91-b14 mixed mode linux-amd64 compressed oops)
Heap:
 PSYoungGen      total 261120K, used 14261K [0x00000000d8000000, 0x00000000e9000000, 0x0000000100000000)
  eden space 244736K, 0% used [0x00000000d8000000,0x00000000d8000000,0x00000000e6f00000)
  from space 16384K, 87% used [0x00000000e6f00000,0x00000000e7ced470,0x00000000e7f00000)
  to   space 15360K, 0% used [0x00000000e7f00000,0x00000000e7f00000,0x00000000e8e00000)
 ParOldGen       total 81920K, used 33202K [0x0000000088000000, 0x000000008d000000, 0x00000000d8000000)
  object space 81920K, 40% used [0x0000000088000000,0x000000008a06c8d8,0x000000008d000000)
 Metaspace       used 10089K, capacity 10304K, committed 10496K, reserved 1058816K
  class space    used 1085K, capacity 1157K, committed 1280K, reserved 1048576K
GC Heap History (10 events):
Event: 0.610 GC heap after
Heap after GC invocations=2 (full 0):
 PSYoungGen      total 66560K, used 5098K [0x00000000d8000000, 0x00000000dc600000, 0x0000000100000000)
  eden space 61440K, 0% used [0x00000000d8000000,0x00000000d8000000,0x00000000dbc00000)
  from space 5120K, 99% used [0x00000000dc100000,0x00000000dc5fa980,0x00000000dc600000)
  to   space 5120K, 0% used [0x00000000dbc00000,0x00000000dbc00000,0x00000000dc100000)
 ParOldGen       total 81920K, used 13471K [0x0000000088000000, 0x000000008d000000, 0x00000000d8000000)
  object space 81920K, 16% used [0x0000000088000000,0x0000000088d27d60,0x000000008d000000)
 Metaspace       used 9748K, capacity 9884K, committed 10112K, reserved 1058816K
  class space    used 1050K, capacity 1125K, committed 1152K, reserved 1048576K
}
Event: 1.573 GC heap before
{Heap before GC invocations=3 (full 0):
 PSYoungGen      total 66560K, used 66538K [0x00000000d8000000, 0x00000000dc600000, 0x0000000100000000)
  eden space 61440K, 100% used [0x00000000d8000000,0x00000000dbc00000,0x00000000dbc00000)
  from space 5120K, 99% used [0x00000000dc100000,0x00000000dc5fa980,0x00000000dc600000)
  to   space 5120K, 0% used [0x00000000dbc00000,0x00000000dbc00000,0x00000000dc100000)
 ParOldGen       total 81920K, used 13471K [0x0000000088000000, 0x000000008d000000, 0x00000000d8000000)
  object space 81920K, 16% used [0x0000000088000000,0x0000000088d27d60,0x000000008d000000)
 Metaspace       used 10051K, capacity 10236K, committed 10496K, reserved 1058816K
  class space    used 1085K, capacity 1157K, committed 1280K, reserved 1048576K
Event: 1.611 GC heap after
Heap after GC invocations=3 (full 0):
 PSYoungGen      total 66560K, used 5098K [0x00000000d8000000, 0x00000000e0200000, 0x0000000100000000)
  eden space 61440K, 0% used [0x00000000d8000000,0x00000000d8000000,0x00000000dbc00000)
  from space 5120K, 99% used [0x00000000dbc00000,0x00000000dc0fa980,0x00000000dc100000)
  to   space 5120K, 0% used [0x00000000dfd00000,0x00000000dfd00000,0x00000000e0200000)
 ParOldGen       total 81920K, used 20313K [0x0000000088000000, 0x000000008d000000, 0x00000000d8000000)
  object space 81920K, 24% used [0x0000000088000000,0x00000000893d6530,0x000000008d000000)
 Metaspace       used 10051K, capacity 10236K, committed 10496K, reserved 1058816K
  class space    used 1085K, capacity 1157K, committed 1280K, reserved 1048576K
}
Event: 1.744 GC heap before
{Heap before GC invocations=4 (full 0):
 PSYoungGen      total 66560K, used 65807K [0x00000000d8000000, 0x00000000e0200000, 0x0000000100000000)
  eden space 61440K, 98% used [0x00000000d8000000,0x00000000dbb493a0,0x00000000dbc00000)
  from space 5120K, 99% used [0x00000000dbc00000,0x00000000dc0fa980,0x00000000dc100000)
  to   space 5120K, 0% used [0x00000000dfd00000,0x00000000dfd00000,0x00000000e0200000)
 ParOldGen       total 81920K, used 20313K [0x0000000088000000, 0x000000008d000000, 0x00000000d8000000)
  object space 81920K, 24% used [0x0000000088000000,0x00000000893d6530,0x000000008d000000)
 Metaspace       used 10062K, capacity 10236K, committed 10496K, reserved 1058816K
  class space    used 1085K, capacity 1157K, committed 1280K, reserved 1048576K
Event: 1.751 GC heap after
Heap after GC invocations=4 (full 0):
 PSYoungGen      total 128000K, used 4266K [0x00000000d8000000, 0x00000000e0200000, 0x0000000100000000)
  eden space 122880K, 0% used [0x00000000d8000000,0x00000000d8000000,0x00000000df800000)
  from space 5120K, 83% used [0x00000000dfd00000,0x00000000e012a980,0x00000000e0200000)
  to   space 5120K, 0% used [0x00000000df800000,0x00000000df800000,0x00000000dfd00000)
 ParOldGen       total 81920K, used 26180K [0x0000000088000000, 0x000000008d000000, 0x00000000d8000000)
  object space 81920K, 31% used [0x0000000088000000,0x00000000899912d0,0x000000008d000000)
 Metaspace       used 10062K, capacity 10236K, committed 10496K, reserved 1058816K
  class space    used 1085K, capacity 1157K, committed 1280K, reserved 1048576K
}
Event: 1.981 GC heap before
{Heap before GC invocations=5 (full 0):
 PSYoungGen      total 128000K, used 127146K [0x00000000d8000000, 0x00000000e0200000, 0x0000000100000000)
  eden space 122880K, 100% used [0x00000000d8000000,0x00000000df800000,0x00000000df800000)
  from space 5120K, 83% used [0x00000000dfd00000,0x00000000e012a980,0x00000000e0200000)
  to   space 5120K, 0% used [0x00000000df800000,0x00000000df800000,0x00000000dfd00000)
 ParOldGen       total 81920K, used 26180K [0x0000000088000000, 0x000000008d000000, 0x00000000d8000000)
  object space 81920K, 31% used [0x0000000088000000,0x00000000899912d0,0x000000008d000000)
 Metaspace       used 10066K, capacity 10236K, committed 10496K, reserved 1058816K
  class space    used 1085K, capacity 1157K, committed 1280K, reserved 1048576K
Event: 1.987 GC heap after
Heap after GC invocations=5 (full 0):
 PSYoungGen      total 128000K, used 4216K [0x00000000d8000000, 0x00000000e8e00000, 0x0000000100000000)
  eden space 122880K, 0% used [0x00000000d8000000,0x00000000d8000000,0x00000000df800000)
  from space 5120K, 82% used [0x00000000df800000,0x00000000dfc1e160,0x00000000dfd00000)
  to   space 15360K, 0% used [0x00000000e7f00000,0x00000000e7f00000,0x00000000e8e00000)
 ParOldGen       total 81920K, used 32048K [0x0000000088000000, 0x000000008d000000, 0x00000000d8000000)
  object space 81920K, 39% used [0x0000000088000000,0x0000000089f4c070,0x000000008d000000)
 Metaspace       used 10066K, capacity 10236K, committed 10496K, reserved 1058816K
  class space    used 1085K, capacity 1157K, committed 1280K, reserved 1048576K
}
Event: 2.186 GC heap before
{Heap before GC invocations=6 (full 0):
 PSYoungGen      total 128000K, used 127096K [0x00000000d8000000, 0x00000000e8e00000, 0x0000000100000000)
  eden space 122880K, 100% used [0x00000000d8000000,0x00000000df800000,0x00000000df800000)
  from space 5120K, 82% used [0x00000000df800000,0x00000000dfc1e160,0x00000000dfd00000)
  to   space 15360K, 0% used [0x00000000e7f00000,0x00000000e7f00000,0x00000000e8e00000)
 ParOldGen       total 81920K, used 32048K [0x0000000088000000, 0x000000008d000000, 0x00000000d8000000)
  object space 81920K, 39% used [0x0000000088000000,0x0000000089f4c070,0x000000008d000000)
 Metaspace       used 10070K, capacity 10236K, committed 10496K, reserved 1058816K
  class space    used 1085K, capacity 1157K, committed 1280K, reserved 1048576K
Event: 2.193 GC heap after
Heap after GC invocations=6 (full 0):
 PSYoungGen      total 260096K, used 12475K [0x00000000d8000000, 0x00000000e9000000, 0x0000000100000000)
  eden space 244736K, 0% used [0x00000000d8000000,0x00000000d8000000,0x00000000e6f00000)
  from space 15360K, 81% used [0x00000000e7f00000,0x00000000e8b2ef00,0x00000000e8e00000)
  to   space 16384K, 0% used [0x00000000e6f00000,0x00000000e6f00000,0x00000000e7f00000)
 ParOldGen       total 81920K, used 32048K [0x0000000088000000, 0x000000008d000000, 0x00000000d8000000)
  object space 81920K, 39% used [0x0000000088000000,0x0000000089f4c070,0x000000008d000000)
 Metaspace       used 10070K, capacity 10236K, committed 10496K, reserved 1058816K
  class space    used 1085K, capacity 1157K, committed 1280K, reserved 1048576K
}
Event: 2.683 GC heap before
{Heap before GC invocations=7 (full 0):
 PSYoungGen      total 260096K, used 257211K [0x00000000d8000000, 0x00000000e9000000, 0x0000000100000000)
  eden space 244736K, 100% used [0x00000000d8000000,0x00000000e6f00000,0x00000000e6f00000)
  from space 15360K, 81% used [0x00000000e7f00000,0x00000000e8b2ef00,0x00000000e8e00000)
  to   space 16384K, 0% used [0x00000000e6f00000,0x00000000e6f00000,0x00000000e7f00000)
 ParOldGen       total 81920K, used 32048K [0x0000000088000000, 0x000000008d000000, 0x00000000d8000000)
  object space 81920K, 39% used [0x0000000088000000,0x0000000089f4c070,0x000000008d000000)
 Metaspace       used 10089K, capacity 10304K, committed 10496K, reserved 1058816K
  class space    used 1085K, capacity 1157K, committed 1280K, reserved 1048576K

