# JRE version: OpenJDK Runtime Environment (8.0_91-b14) (build 1.8.0_91-8u91-b14-3ubuntu1~16.04.1-b14)
# Java VM: OpenJDK 64-Bit Server VM (25.91-b14 mixed mode linux-amd64 compressed oops)
Heap:
 PSYoungGen      total 268800K, used 11878K [0x00000000d8000000, 0x00000000e9d00000, 0x0000000100000000)
  eden space 245760K, 0% used [0x00000000d8000000,0x00000000d8000000,0x00000000e7000000)
  from space 23040K, 51% used [0x00000000e7000000,0x00000000e7b99b40,0x00000000e8680000)
  to   space 22016K, 0% used [0x00000000e8780000,0x00000000e8780000,0x00000000e9d00000)
 ParOldGen       total 81920K, used 46556K [0x0000000088000000, 0x000000008d000000, 0x00000000d8000000)
  object space 81920K, 56% used [0x0000000088000000,0x000000008ad771a8,0x000000008d000000)
 Metaspace       used 9873K, capacity 10080K, committed 10112K, reserved 1058816K
  class space    used 1061K, capacity 1125K, committed 1152K, reserved 1048576K
GC Heap History (10 events):
Event: 1.096 GC heap after
Heap after GC invocations=2 (full 0):
 PSYoungGen      total 66560K, used 5109K [0x00000000d8000000, 0x00000000dc600000, 0x0000000100000000)
  eden space 61440K, 0% used [0x00000000d8000000,0x00000000d8000000,0x00000000dbc00000)
  from space 5120K, 99% used [0x00000000dc100000,0x00000000dc5fd6e0,0x00000000dc600000)
  to   space 5120K, 0% used [0x00000000dbc00000,0x00000000dbc00000,0x00000000dc100000)
 ParOldGen       total 81920K, used 17377K [0x0000000088000000, 0x000000008d000000, 0x00000000d8000000)
  object space 81920K, 21% used [0x0000000088000000,0x00000000890f8780,0x000000008d000000)
 Metaspace       used 9798K, capacity 10012K, committed 10112K, reserved 1058816K
  class space    used 1061K, capacity 1125K, committed 1152K, reserved 1048576K
}
Event: 1.222 GC heap before
{Heap before GC invocations=3 (full 0):
 PSYoungGen      total 66560K, used 66549K [0x00000000d8000000, 0x00000000dc600000, 0x0000000100000000)
  eden space 61440K, 100% used [0x00000000d8000000,0x00000000dbc00000,0x00000000dbc00000)
  from space 5120K, 99% used [0x00000000dc100000,0x00000000dc5fd6e0,0x00000000dc600000)
  to   space 5120K, 0% used [0x00000000dbc00000,0x00000000dbc00000,0x00000000dc100000)
 ParOldGen       total 81920K, used 17377K [0x0000000088000000, 0x000000008d000000, 0x00000000d8000000)
  object space 81920K, 21% used [0x0000000088000000,0x00000000890f8780,0x000000008d000000)
 Metaspace       used 9813K, capacity 10012K, committed 10112K, reserved 1058816K
  class space    used 1061K, capacity 1125K, committed 1152K, reserved 1048576K
Event: 1.242 GC heap after
Heap after GC invocations=3 (full 0):
 PSYoungGen      total 66560K, used 5109K [0x00000000d8000000, 0x00000000e0200000, 0x0000000100000000)
  eden space 61440K, 0% used [0x00000000d8000000,0x00000000d8000000,0x00000000dbc00000)
  from space 5120K, 99% used [0x00000000dbc00000,0x00000000dc0fd6e0,0x00000000dc100000)
  to   space 5120K, 0% used [0x00000000dfd00000,0x00000000dfd00000,0x00000000e0200000)
 ParOldGen       total 81920K, used 30345K [0x0000000088000000, 0x000000008d000000, 0x00000000d8000000)
  object space 81920K, 37% used [0x0000000088000000,0x0000000089da2790,0x000000008d000000)
 Metaspace       used 9813K, capacity 10012K, committed 10112K, reserved 1058816K
  class space    used 1061K, capacity 1125K, committed 1152K, reserved 1048576K
}
Event: 1.310 GC heap before
{Heap before GC invocations=4 (full 0):
 PSYoungGen      total 66560K, used 66549K [0x00000000d8000000, 0x00000000e0200000, 0x0000000100000000)
  eden space 61440K, 100% used [0x00000000d8000000,0x00000000dbc00000,0x00000000dbc00000)
  from space 5120K, 99% used [0x00000000dbc00000,0x00000000dc0fd6e0,0x00000000dc100000)
  to   space 5120K, 0% used [0x00000000dfd00000,0x00000000dfd00000,0x00000000e0200000)
 ParOldGen       total 81920K, used 30345K [0x0000000088000000, 0x000000008d000000, 0x00000000d8000000)
  object space 81920K, 37% used [0x0000000088000000,0x0000000089da2790,0x000000008d000000)
 Metaspace       used 9819K, capacity 10012K, committed 10112K, reserved 1058816K
  class space    used 1061K, capacity 1125K, committed 1152K, reserved 1048576K
Event: 1.321 GC heap after
Heap after GC invocations=4 (full 0):
 PSYoungGen      total 128000K, used 5109K [0x00000000d8000000, 0x00000000e0200000, 0x0000000100000000)
  eden space 122880K, 0% used [0x00000000d8000000,0x00000000d8000000,0x00000000df800000)
  from space 5120K, 99% used [0x00000000dfd00000,0x00000000e01fd6e0,0x00000000e0200000)
  to   space 5120K, 0% used [0x00000000df800000,0x00000000df800000,0x00000000dfd00000)
 ParOldGen       total 81920K, used 36276K [0x0000000088000000, 0x000000008d000000, 0x00000000d8000000)
  object space 81920K, 44% used [0x0000000088000000,0x000000008a36d1c0,0x000000008d000000)
 Metaspace       used 9819K, capacity 10012K, committed 10112K, reserved 1058816K
  class space    used 1061K, capacity 1125K, committed 1152K, reserved 1048576K
}
Event: 1.464 GC heap before
{Heap before GC invocations=5 (full 0):
 PSYoungGen      total 128000K, used 125834K [0x00000000d8000000, 0x00000000e0200000, 0x0000000100000000)
  eden space 122880K, 98% used [0x00000000d8000000,0x00000000df5e5360,0x00000000df800000)
  from space 5120K, 99% used [0x00000000dfd00000,0x00000000e01fd6e0,0x00000000e0200000)
  to   space 5120K, 0% used [0x00000000df800000,0x00000000df800000,0x00000000dfd00000)
 ParOldGen       total 81920K, used 36276K [0x0000000088000000, 0x000000008d000000, 0x00000000d8000000)
  object space 81920K, 44% used [0x0000000088000000,0x000000008a36d1c0,0x000000008d000000)
 Metaspace       used 9831K, capacity 10012K, committed 10112K, reserved 1058816K
  class space    used 1061K, capacity 1125K, committed 1152K, reserved 1048576K
Event: 1.472 GC heap after
Heap after GC invocations=5 (full 0):
 PSYoungGen      total 128000K, used 4533K [0x00000000d8000000, 0x00000000e9f00000, 0x0000000100000000)
  eden space 122880K, 0% used [0x00000000d8000000,0x00000000d8000000,0x00000000df800000)
  from space 5120K, 88% used [0x00000000df800000,0x00000000dfc6d6e0,0x00000000dfd00000)
  to   space 24064K, 0% used [0x00000000e8780000,0x00000000e8780000,0x00000000e9f00000)
 ParOldGen       total 81920K, used 45073K [0x0000000088000000, 0x000000008d000000, 0x00000000d8000000)
  object space 81920K, 55% used [0x0000000088000000,0x000000008ac04630,0x000000008d000000)
 Metaspace       used 9831K, capacity 10012K, committed 10112K, reserved 1058816K
  class space    used 1061K, capacity 1125K, committed 1152K, reserved 1048576K
}
Event: 1.579 GC heap before
{Heap before GC invocations=6 (full 0):
 PSYoungGen      total 128000K, used 126209K [0x00000000d8000000, 0x00000000e9f00000, 0x0000000100000000)
  eden space 122880K, 99% used [0x00000000d8000000,0x00000000df6d2e28,0x00000000df800000)
  from space 5120K, 88% used [0x00000000df800000,0x00000000dfc6d6e0,0x00000000dfd00000)
  to   space 24064K, 0% used [0x00000000e8780000,0x00000000e8780000,0x00000000e9f00000)
 ParOldGen       total 81920K, used 45073K [0x0000000088000000, 0x000000008d000000, 0x00000000d8000000)
  object space 81920K, 55% used [0x0000000088000000,0x000000008ac04630,0x000000008d000000)
 Metaspace       used 9844K, capacity 10012K, committed 10112K, reserved 1058816K
  class space    used 1061K, capacity 1125K, committed 1152K, reserved 1048576K
Event: 1.589 GC heap after
Heap after GC invocations=6 (full 0):
 PSYoungGen      total 267776K, used 7463K [0x00000000d8000000, 0x00000000e9d00000, 0x0000000100000000)
  eden space 245760K, 0% used [0x00000000d8000000,0x00000000d8000000,0x00000000e7000000)
  from space 22016K, 33% used [0x00000000e8780000,0x00000000e8ec9db0,0x00000000e9d00000)
  to   space 23040K, 0% used [0x00000000e7000000,0x00000000e7000000,0x00000000e8680000)
 ParOldGen       total 81920K, used 45081K [0x0000000088000000, 0x000000008d000000, 0x00000000d8000000)
  object space 81920K, 55% used [0x0000000088000000,0x000000008ac06630,0x000000008d000000)
 Metaspace       used 9844K, capacity 10012K, committed 10112K, reserved 1058816K
  class space    used 1061K, capacity 1125K, committed 1152K, reserved 1048576K
}
Event: 1.945 GC heap before
{Heap before GC invocations=7 (full 0):
 PSYoungGen      total 267776K, used 253223K [0x00000000d8000000, 0x00000000e9d00000, 0x0000000100000000)
  eden space 245760K, 100% used [0x00000000d8000000,0x00000000e7000000,0x00000000e7000000)
  from space 22016K, 33% used [0x00000000e8780000,0x00000000e8ec9db0,0x00000000e9d00000)
  to   space 23040K, 0% used [0x00000000e7000000,0x00000000e7000000,0x00000000e8680000)
 ParOldGen       total 81920K, used 45081K [0x0000000088000000, 0x000000008d000000, 0x00000000d8000000)
  object space 81920K, 55% used [0x0000000088000000,0x000000008ac06630,0x000000008d000000)
 Metaspace       used 9873K, capacity 10080K, committed 10112K, reserved 1058816K
  class space    used 1061K, capacity 1125K, committed 1152K, reserved 1048576K

