# JRE version: OpenJDK Runtime Environment (8.0_91-b14) (build 1.8.0_91-8u91-b14-3ubuntu1~16.04.1-b14)
# Java VM: OpenJDK 64-Bit Server VM (25.91-b14 mixed mode linux-amd64 compressed oops)
Heap:
 PSYoungGen      total 262656K, used 13699K [0x00000000d8000000, 0x00000000e9200000, 0x0000000100000000)
  eden space 245248K, 0% used [0x00000000d8000000,0x00000000d8000000,0x00000000e6f80000)
  from space 17408K, 78% used [0x00000000e6f80000,0x00000000e7ce0da0,0x00000000e8080000)
  to   space 16896K, 0% used [0x00000000e8080000,0x00000000e8080000,0x00000000e9100000)
 ParOldGen       total 81920K, used 36242K [0x0000000088000000, 0x000000008d000000, 0x00000000d8000000)
  object space 81920K, 44% used [0x0000000088000000,0x000000008a364868,0x000000008d000000)
 Metaspace       used 9876K, capacity 10080K, committed 10112K, reserved 1058816K
  class space    used 1062K, capacity 1125K, committed 1152K, reserved 1048576K
GC Heap History (10 events):
Event: 1.208 GC heap after
Heap after GC invocations=2 (full 0):
 PSYoungGen      total 66560K, used 5093K [0x00000000d8000000, 0x00000000dc600000, 0x0000000100000000)
  eden space 61440K, 0% used [0x00000000d8000000,0x00000000d8000000,0x00000000dbc00000)
  from space 5120K, 99% used [0x00000000dc100000,0x00000000dc5f96f0,0x00000000dc600000)
  to   space 5120K, 0% used [0x00000000dbc00000,0x00000000dbc00000,0x00000000dc100000)
 ParOldGen       total 81920K, used 17416K [0x0000000088000000, 0x000000008d000000, 0x00000000d8000000)
  object space 81920K, 21% used [0x0000000088000000,0x0000000089102320,0x000000008d000000)
 Metaspace       used 9802K, capacity 10012K, committed 10112K, reserved 1058816K
  class space    used 1062K, capacity 1125K, committed 1152K, reserved 1048576K
}
Event: 1.341 GC heap before
{Heap before GC invocations=3 (full 0):
 PSYoungGen      total 66560K, used 66533K [0x00000000d8000000, 0x00000000dc600000, 0x0000000100000000)
  eden space 61440K, 100% used [0x00000000d8000000,0x00000000dbc00000,0x00000000dbc00000)
  from space 5120K, 99% used [0x00000000dc100000,0x00000000dc5f96f0,0x00000000dc600000)
  to   space 5120K, 0% used [0x00000000dbc00000,0x00000000dbc00000,0x00000000dc100000)
 ParOldGen       total 81920K, used 17417K [0x0000000088000000, 0x000000008d000000, 0x00000000d8000000)
  object space 81920K, 21% used [0x0000000088000000,0x00000000891024d8,0x000000008d000000)
 Metaspace       used 9815K, capacity 10012K, committed 10112K, reserved 1058816K
  class space    used 1062K, capacity 1125K, committed 1152K, reserved 1048576K
Event: 1.348 GC heap after
Heap after GC invocations=3 (full 0):
 PSYoungGen      total 66560K, used 4949K [0x00000000d8000000, 0x00000000e0200000, 0x0000000100000000)
  eden space 61440K, 0% used [0x00000000d8000000,0x00000000d8000000,0x00000000dbc00000)
  from space 5120K, 96% used [0x00000000dbc00000,0x00000000dc0d56e0,0x00000000dc100000)
  to   space 5120K, 0% used [0x00000000dfd00000,0x00000000dfd00000,0x00000000e0200000)
 ParOldGen       total 81920K, used 23284K [0x0000000088000000, 0x000000008d000000, 0x00000000d8000000)
  object space 81920K, 28% used [0x0000000088000000,0x00000000896bd278,0x000000008d000000)
 Metaspace       used 9815K, capacity 10012K, committed 10112K, reserved 1058816K
  class space    used 1062K, capacity 1125K, committed 1152K, reserved 1048576K
}
Event: 1.414 GC heap before
{Heap before GC invocations=4 (full 0):
 PSYoungGen      total 66560K, used 66389K [0x00000000d8000000, 0x00000000e0200000, 0x0000000100000000)
  eden space 61440K, 100% used [0x00000000d8000000,0x00000000dbc00000,0x00000000dbc00000)
  from space 5120K, 96% used [0x00000000dbc00000,0x00000000dc0d56e0,0x00000000dc100000)
  to   space 5120K, 0% used [0x00000000dfd00000,0x00000000dfd00000,0x00000000e0200000)
 ParOldGen       total 81920K, used 23777K [0x0000000088000000, 0x000000008d000000, 0x00000000d8000000)
  object space 81920K, 29% used [0x0000000088000000,0x0000000089738728,0x000000008d000000)
 Metaspace       used 9822K, capacity 10012K, committed 10112K, reserved 1058816K
  class space    used 1062K, capacity 1125K, committed 1152K, reserved 1048576K
Event: 1.432 GC heap after
Heap after GC invocations=4 (full 0):
 PSYoungGen      total 128000K, used 5109K [0x00000000d8000000, 0x00000000e0200000, 0x0000000100000000)
  eden space 122880K, 0% used [0x00000000d8000000,0x00000000d8000000,0x00000000df800000)
  from space 5120K, 99% used [0x00000000dfd00000,0x00000000e01fd6e0,0x00000000e0200000)
  to   space 5120K, 0% used [0x00000000df800000,0x00000000df800000,0x00000000dfd00000)
 ParOldGen       total 81920K, used 30256K [0x0000000088000000, 0x000000008d000000, 0x00000000d8000000)
  object space 81920K, 36% used [0x0000000088000000,0x0000000089d8c208,0x000000008d000000)
 Metaspace       used 9822K, capacity 10012K, committed 10112K, reserved 1058816K
  class space    used 1062K, capacity 1125K, committed 1152K, reserved 1048576K
}
Event: 1.545 GC heap before
{Heap before GC invocations=5 (full 0):
 PSYoungGen      total 128000K, used 127989K [0x00000000d8000000, 0x00000000e0200000, 0x0000000100000000)
  eden space 122880K, 100% used [0x00000000d8000000,0x00000000df800000,0x00000000df800000)
  from space 5120K, 99% used [0x00000000dfd00000,0x00000000e01fd6e0,0x00000000e0200000)
  to   space 5120K, 0% used [0x00000000df800000,0x00000000df800000,0x00000000dfd00000)
 ParOldGen       total 81920K, used 30256K [0x0000000088000000, 0x000000008d000000, 0x00000000d8000000)
  object space 81920K, 36% used [0x0000000088000000,0x0000000089d8c208,0x000000008d000000)
 Metaspace       used 9833K, capacity 10012K, committed 10112K, reserved 1058816K
  class space    used 1062K, capacity 1125K, committed 1152K, reserved 1048576K
Event: 1.558 GC heap after
Heap after GC invocations=5 (full 0):
 PSYoungGen      total 128000K, used 5109K [0x00000000d8000000, 0x00000000e9100000, 0x0000000100000000)
  eden space 122880K, 0% used [0x00000000d8000000,0x00000000d8000000,0x00000000df800000)
  from space 5120K, 99% used [0x00000000df800000,0x00000000dfcfd6e0,0x00000000dfd00000)
  to   space 16896K, 0% used [0x00000000e8080000,0x00000000e8080000,0x00000000e9100000)
 ParOldGen       total 81920K, used 34557K [0x0000000088000000, 0x000000008d000000, 0x00000000d8000000)
  object space 81920K, 42% used [0x0000000088000000,0x000000008a1bf708,0x000000008d000000)
 Metaspace       used 9833K, capacity 10012K, committed 10112K, reserved 1058816K
  class space    used 1062K, capacity 1125K, committed 1152K, reserved 1048576K
}
Event: 1.723 GC heap before
{Heap before GC invocations=6 (full 0):
 PSYoungGen      total 128000K, used 127989K [0x00000000d8000000, 0x00000000e9100000, 0x0000000100000000)
  eden space 122880K, 100% used [0x00000000d8000000,0x00000000df800000,0x00000000df800000)
  from space 5120K, 99% used [0x00000000df800000,0x00000000dfcfd6e0,0x00000000dfd00000)
  to   space 16896K, 0% used [0x00000000e8080000,0x00000000e8080000,0x00000000e9100000)
 ParOldGen       total 81920K, used 34557K [0x0000000088000000, 0x000000008d000000, 0x00000000d8000000)
  object space 81920K, 42% used [0x0000000088000000,0x000000008a1bf708,0x000000008d000000)
 Metaspace       used 9844K, capacity 10012K, committed 10112K, reserved 1058816K
  class space    used 1062K, capacity 1125K, committed 1152K, reserved 1048576K
Event: 1.739 GC heap after
Heap after GC invocations=6 (full 0):
 PSYoungGen      total 262144K, used 13591K [0x00000000d8000000, 0x00000000e9200000, 0x0000000100000000)
  eden space 245248K, 0% used [0x00000000d8000000,0x00000000d8000000,0x00000000e6f80000)
  from space 16896K, 80% used [0x00000000e8080000,0x00000000e8dc5dc0,0x00000000e9100000)
  to   space 17408K, 0% used [0x00000000e6f80000,0x00000000e6f80000,0x00000000e8080000)
 ParOldGen       total 81920K, used 34557K [0x0000000088000000, 0x000000008d000000, 0x00000000d8000000)
  object space 81920K, 42% used [0x0000000088000000,0x000000008a1bf708,0x000000008d000000)
 Metaspace       used 9844K, capacity 10012K, committed 10112K, reserved 1058816K
  class space    used 1062K, capacity 1125K, committed 1152K, reserved 1048576K
}
Event: 1.959 GC heap before
{Heap before GC invocations=7 (full 0):
 PSYoungGen      total 262144K, used 258839K [0x00000000d8000000, 0x00000000e9200000, 0x0000000100000000)
  eden space 245248K, 100% used [0x00000000d8000000,0x00000000e6f80000,0x00000000e6f80000)
  from space 16896K, 80% used [0x00000000e8080000,0x00000000e8dc5dc0,0x00000000e9100000)
  to   space 17408K, 0% used [0x00000000e6f80000,0x00000000e6f80000,0x00000000e8080000)
 ParOldGen       total 81920K, used 34557K [0x0000000088000000, 0x000000008d000000, 0x00000000d8000000)
  object space 81920K, 42% used [0x0000000088000000,0x000000008a1bf708,0x000000008d000000)
 Metaspace       used 9876K, capacity 10080K, committed 10112K, reserved 1058816K
  class space    used 1062K, capacity 1125K, committed 1152K, reserved 1048576K

