# JRE version: OpenJDK Runtime Environment (8.0_91-b14) (build 1.8.0_91-8u91-b14-3ubuntu1~16.04.1-b14)
# Java VM: OpenJDK 64-Bit Server VM (25.91-b14 mixed mode linux-amd64 compressed oops)
Heap:
 PSYoungGen      total 508928K, used 6851K [0x00000000d8000000, 0x00000000f8600000, 0x0000000100000000)
  eden space 489472K, 0% used [0x00000000d8000000,0x00000000d8000000,0x00000000f5e00000)
  from space 19456K, 35% used [0x00000000f5e00000,0x00000000f64b0da0,0x00000000f7100000)
  to   space 17408K, 0% used [0x00000000f7100000,0x00000000f7100000,0x00000000f8200000)
 ParOldGen       total 81920K, used 29095K [0x0000000088000000, 0x000000008d000000, 0x00000000d8000000)
  object space 81920K, 35% used [0x0000000088000000,0x0000000089c69fe8,0x000000008d000000)
 Metaspace       used 9906K, capacity 10080K, committed 10112K, reserved 1058816K
  class space    used 1060K, capacity 1125K, committed 1152K, reserved 1048576K
GC Heap History (10 events):
Event: 1.502 GC heap after
Heap after GC invocations=4 (full 0):
 PSYoungGen      total 128000K, used 4232K [0x00000000d8000000, 0x00000000e0200000, 0x0000000100000000)
  eden space 122880K, 0% used [0x00000000d8000000,0x00000000d8000000,0x00000000df800000)
  from space 5120K, 82% used [0x00000000dfd00000,0x00000000e01222e0,0x00000000e0200000)
  to   space 5120K, 0% used [0x00000000df800000,0x00000000df800000,0x00000000dfd00000)
 ParOldGen       total 81920K, used 20862K [0x0000000088000000, 0x000000008d000000, 0x00000000d8000000)
  object space 81920K, 25% used [0x0000000088000000,0x000000008945fa20,0x000000008d000000)
 Metaspace       used 9801K, capacity 10012K, committed 10112K, reserved 1058816K
  class space    used 1060K, capacity 1125K, committed 1152K, reserved 1048576K
}
Event: 1.726 GC heap before
{Heap before GC invocations=5 (full 0):
 PSYoungGen      total 128000K, used 127112K [0x00000000d8000000, 0x00000000e0200000, 0x0000000100000000)
  eden space 122880K, 100% used [0x00000000d8000000,0x00000000df800000,0x00000000df800000)
  from space 5120K, 82% used [0x00000000dfd00000,0x00000000e01222e0,0x00000000e0200000)
  to   space 5120K, 0% used [0x00000000df800000,0x00000000df800000,0x00000000dfd00000)
 ParOldGen       total 81920K, used 20862K [0x0000000088000000, 0x000000008d000000, 0x00000000d8000000)
  object space 81920K, 25% used [0x0000000088000000,0x000000008945fa20,0x000000008d000000)
 Metaspace       used 9815K, capacity 10012K, committed 10112K, reserved 1058816K
  class space    used 1060K, capacity 1125K, committed 1152K, reserved 1048576K
Event: 1.739 GC heap after
Heap after GC invocations=5 (full 0):
 PSYoungGen      total 128000K, used 5094K [0x00000000d8000000, 0x00000000e9600000, 0x0000000100000000)
  eden space 122880K, 0% used [0x00000000d8000000,0x00000000d8000000,0x00000000df800000)
  from space 5120K, 99% used [0x00000000df800000,0x00000000dfcf9ad0,0x00000000dfd00000)
  to   space 19456K, 0% used [0x00000000e8300000,0x00000000e8300000,0x00000000e9600000)
 ParOldGen       total 81920K, used 27791K [0x0000000088000000, 0x000000008d000000, 0x00000000d8000000)
  object space 81920K, 33% used [0x0000000088000000,0x0000000089b23dd0,0x000000008d000000)
 Metaspace       used 9815K, capacity 10012K, committed 10112K, reserved 1058816K
  class space    used 1060K, capacity 1125K, committed 1152K, reserved 1048576K
}
Event: 1.937 GC heap before
{Heap before GC invocations=6 (full 0):
 PSYoungGen      total 128000K, used 127884K [0x00000000d8000000, 0x00000000e9600000, 0x0000000100000000)
  eden space 122880K, 99% used [0x00000000d8000000,0x00000000df7e9680,0x00000000df800000)
  from space 5120K, 99% used [0x00000000df800000,0x00000000dfcf9ad0,0x00000000dfd00000)
  to   space 19456K, 0% used [0x00000000e8300000,0x00000000e8300000,0x00000000e9600000)
 ParOldGen       total 81920K, used 27791K [0x0000000088000000, 0x000000008d000000, 0x00000000d8000000)
  object space 81920K, 33% used [0x0000000088000000,0x0000000089b23dd0,0x000000008d000000)
 Metaspace       used 9822K, capacity 10012K, committed 10112K, reserved 1058816K
  class space    used 1060K, capacity 1125K, committed 1152K, reserved 1048576K
Event: 1.953 GC heap after
Heap after GC invocations=6 (full 0):
 PSYoungGen      total 263168K, used 10138K [0x00000000d8000000, 0x00000000e9400000, 0x0000000100000000)
  eden space 245760K, 0% used [0x00000000d8000000,0x00000000d8000000,0x00000000e7000000)
  from space 17408K, 58% used [0x00000000e8300000,0x00000000e8ce6860,0x00000000e9400000)
  to   space 18432K, 0% used [0x00000000e7000000,0x00000000e7000000,0x00000000e8200000)
 ParOldGen       total 81920K, used 27799K [0x0000000088000000, 0x000000008d000000, 0x00000000d8000000)
  object space 81920K, 33% used [0x0000000088000000,0x0000000089b25dd0,0x000000008d000000)
 Metaspace       used 9822K, capacity 10012K, committed 10112K, reserved 1058816K
  class space    used 1060K, capacity 1125K, committed 1152K, reserved 1048576K
}
Event: 2.370 GC heap before
{Heap before GC invocations=7 (full 0):
 PSYoungGen      total 263168K, used 255898K [0x00000000d8000000, 0x00000000e9400000, 0x0000000100000000)
  eden space 245760K, 100% used [0x00000000d8000000,0x00000000e7000000,0x00000000e7000000)
  from space 17408K, 58% used [0x00000000e8300000,0x00000000e8ce6860,0x00000000e9400000)
  to   space 18432K, 0% used [0x00000000e7000000,0x00000000e7000000,0x00000000e8200000)
 ParOldGen       total 81920K, used 27799K [0x0000000088000000, 0x000000008d000000, 0x00000000d8000000)
  object space 81920K, 33% used [0x0000000088000000,0x0000000089b25dd0,0x000000008d000000)
 Metaspace       used 9838K, capacity 10012K, committed 10112K, reserved 1058816K
  class space    used 1060K, capacity 1125K, committed 1152K, reserved 1048576K
Event: 2.379 GC heap after
Heap after GC invocations=7 (full 0):
 PSYoungGen      total 264192K, used 8881K [0x00000000d8000000, 0x00000000f8200000, 0x0000000100000000)
  eden space 245760K, 0% used [0x00000000d8000000,0x00000000d8000000,0x00000000e7000000)
  from space 18432K, 48% used [0x00000000e7000000,0x00000000e78ac6d0,0x00000000e8200000)
  to   space 17408K, 0% used [0x00000000f7100000,0x00000000f7100000,0x00000000f8200000)
 ParOldGen       total 81920K, used 29007K [0x0000000088000000, 0x000000008d000000, 0x00000000d8000000)
  object space 81920K, 35% used [0x0000000088000000,0x0000000089c53fe8,0x000000008d000000)
 Metaspace       used 9838K, capacity 10012K, committed 10112K, reserved 1058816K
  class space    used 1060K, capacity 1125K, committed 1152K, reserved 1048576K
}
Event: 2.721 GC heap before
{Heap before GC invocations=8 (full 0):
 PSYoungGen      total 264192K, used 254641K [0x00000000d8000000, 0x00000000f8200000, 0x0000000100000000)
  eden space 245760K, 100% used [0x00000000d8000000,0x00000000e7000000,0x00000000e7000000)
  from space 18432K, 48% used [0x00000000e7000000,0x00000000e78ac6d0,0x00000000e8200000)
  to   space 17408K, 0% used [0x00000000f7100000,0x00000000f7100000,0x00000000f8200000)
 ParOldGen       total 81920K, used 29007K [0x0000000088000000, 0x000000008d000000, 0x00000000d8000000)
  object space 81920K, 35% used [0x0000000088000000,0x0000000089c53fe8,0x000000008d000000)
 Metaspace       used 9850K, capacity 10016K, committed 10112K, reserved 1058816K
  class space    used 1060K, capacity 1125K, committed 1152K, reserved 1048576K
Event: 2.732 GC heap after
Heap after GC invocations=8 (full 0):
 PSYoungGen      total 506880K, used 16949K [0x00000000d8000000, 0x00000000f8600000, 0x0000000100000000)
  eden space 489472K, 0% used [0x00000000d8000000,0x00000000d8000000,0x00000000f5e00000)
  from space 17408K, 97% used [0x00000000f7100000,0x00000000f818d470,0x00000000f8200000)
  to   space 19456K, 0% used [0x00000000f5e00000,0x00000000f5e00000,0x00000000f7100000)
 ParOldGen       total 81920K, used 29063K [0x0000000088000000, 0x000000008d000000, 0x00000000d8000000)
  object space 81920K, 35% used [0x0000000088000000,0x0000000089c61fe8,0x000000008d000000)
 Metaspace       used 9850K, capacity 10016K, committed 10112K, reserved 1058816K
  class space    used 1060K, capacity 1125K, committed 1152K, reserved 1048576K
}
Event: 3.489 GC heap before
{Heap before GC invocations=9 (full 0):
 PSYoungGen      total 506880K, used 506421K [0x00000000d8000000, 0x00000000f8600000, 0x0000000100000000)
  eden space 489472K, 100% used [0x00000000d8000000,0x00000000f5e00000,0x00000000f5e00000)
  from space 17408K, 97% used [0x00000000f7100000,0x00000000f818d470,0x00000000f8200000)
  to   space 19456K, 0% used [0x00000000f5e00000,0x00000000f5e00000,0x00000000f7100000)
 ParOldGen       total 81920K, used 29063K [0x0000000088000000, 0x000000008d000000, 0x00000000d8000000)
  object space 81920K, 35% used [0x0000000088000000,0x0000000089c61fe8,0x000000008d000000)
 Metaspace       used 9906K, capacity 10080K, committed 10112K, reserved 1058816K
  class space    used 1060K, capacity 1125K, committed 1152K, reserved 1048576K

