# JRE version: OpenJDK Runtime Environment (8.0_91-b14) (build 1.8.0_91-8u91-b14-3ubuntu1~16.04.1-b14)
# Java VM: OpenJDK 64-Bit Server VM (25.91-b14 mixed mode linux-amd64 compressed oops)
Heap:
 PSYoungGen      total 271872K, used 8981K [0x00000000d8000000, 0x00000000ea300000, 0x0000000100000000)
  eden space 245760K, 0% used [0x00000000d8000000,0x00000000d8000000,0x00000000e7000000)
  from space 26112K, 34% used [0x00000000e7000000,0x00000000e78c5470,0x00000000e8980000)
  to   space 25600K, 0% used [0x00000000e8a00000,0x00000000e8a00000,0x00000000ea300000)
 ParOldGen       total 81920K, used 55086K [0x0000000088000000, 0x000000008d000000, 0x00000000d8000000)
  object space 81920K, 67% used [0x0000000088000000,0x000000008b5cb898,0x000000008d000000)
 Metaspace       used 9883K, capacity 10080K, committed 10112K, reserved 1058816K
  class space    used 1061K, capacity 1125K, committed 1152K, reserved 1048576K
GC Heap History (10 events):
Event: 1.343 GC heap after
Heap after GC invocations=2 (full 0):
 PSYoungGen      total 66560K, used 5095K [0x00000000d8000000, 0x00000000dc600000, 0x0000000100000000)
  eden space 61440K, 0% used [0x00000000d8000000,0x00000000d8000000,0x00000000dbc00000)
  from space 5120K, 99% used [0x00000000dc100000,0x00000000dc5f9f00,0x00000000dc600000)
  to   space 5120K, 0% used [0x00000000dbc00000,0x00000000dbc00000,0x00000000dc100000)
 ParOldGen       total 81920K, used 17017K [0x0000000088000000, 0x000000008d000000, 0x00000000d8000000)
  object space 81920K, 20% used [0x0000000088000000,0x000000008909e670,0x000000008d000000)
 Metaspace       used 9806K, capacity 10012K, committed 10112K, reserved 1058816K
  class space    used 1061K, capacity 1125K, committed 1152K, reserved 1048576K
}
Event: 1.460 GC heap before
{Heap before GC invocations=3 (full 0):
 PSYoungGen      total 66560K, used 66535K [0x00000000d8000000, 0x00000000dc600000, 0x0000000100000000)
  eden space 61440K, 100% used [0x00000000d8000000,0x00000000dbc00000,0x00000000dbc00000)
  from space 5120K, 99% used [0x00000000dc100000,0x00000000dc5f9f00,0x00000000dc600000)
  to   space 5120K, 0% used [0x00000000dbc00000,0x00000000dbc00000,0x00000000dc100000)
 ParOldGen       total 81920K, used 17017K [0x0000000088000000, 0x000000008d000000, 0x00000000d8000000)
  object space 81920K, 20% used [0x0000000088000000,0x000000008909e670,0x000000008d000000)
 Metaspace       used 9817K, capacity 10012K, committed 10112K, reserved 1058816K
  class space    used 1061K, capacity 1125K, committed 1152K, reserved 1048576K
Event: 1.482 GC heap after
Heap after GC invocations=3 (full 0):
 PSYoungGen      total 66560K, used 5111K [0x00000000d8000000, 0x00000000e0200000, 0x0000000100000000)
  eden space 61440K, 0% used [0x00000000d8000000,0x00000000d8000000,0x00000000dbc00000)
  from space 5120K, 99% used [0x00000000dbc00000,0x00000000dc0fdf10,0x00000000dc100000)
  to   space 5120K, 0% used [0x00000000dfd00000,0x00000000dfd00000,0x00000000e0200000)
 ParOldGen       total 81920K, used 32663K [0x0000000088000000, 0x000000008d000000, 0x00000000d8000000)
  object space 81920K, 39% used [0x0000000088000000,0x0000000089fe5ee0,0x000000008d000000)
 Metaspace       used 9817K, capacity 10012K, committed 10112K, reserved 1058816K
  class space    used 1061K, capacity 1125K, committed 1152K, reserved 1048576K
}
Event: 1.557 GC heap before
{Heap before GC invocations=4 (full 0):
 PSYoungGen      total 66560K, used 66551K [0x00000000d8000000, 0x00000000e0200000, 0x0000000100000000)
  eden space 61440K, 100% used [0x00000000d8000000,0x00000000dbc00000,0x00000000dbc00000)
  from space 5120K, 99% used [0x00000000dbc00000,0x00000000dc0fdf10,0x00000000dc100000)
  to   space 5120K, 0% used [0x00000000dfd00000,0x00000000dfd00000,0x00000000e0200000)
 ParOldGen       total 81920K, used 32663K [0x0000000088000000, 0x000000008d000000, 0x00000000d8000000)
  object space 81920K, 39% used [0x0000000088000000,0x0000000089fe5ee0,0x000000008d000000)
 Metaspace       used 9821K, capacity 10012K, committed 10112K, reserved 1058816K
  class space    used 1061K, capacity 1125K, committed 1152K, reserved 1048576K
Event: 1.578 GC heap after
Heap after GC invocations=4 (full 0):
 PSYoungGen      total 128000K, used 5095K [0x00000000d8000000, 0x00000000e0200000, 0x0000000100000000)
  eden space 122880K, 0% used [0x00000000d8000000,0x00000000d8000000,0x00000000df800000)
  from space 5120K, 99% used [0x00000000dfd00000,0x00000000e01f9f00,0x00000000e0200000)
  to   space 5120K, 0% used [0x00000000df800000,0x00000000df800000,0x00000000dfd00000)
 ParOldGen       total 81920K, used 47648K [0x0000000088000000, 0x000000008d000000, 0x00000000d8000000)
  object space 81920K, 58% used [0x0000000088000000,0x000000008ae88018,0x000000008d000000)
 Metaspace       used 9821K, capacity 10012K, committed 10112K, reserved 1058816K
  class space    used 1061K, capacity 1125K, committed 1152K, reserved 1048576K
}
Event: 1.763 GC heap before
{Heap before GC invocations=5 (full 0):
 PSYoungGen      total 128000K, used 127975K [0x00000000d8000000, 0x00000000e0200000, 0x0000000100000000)
  eden space 122880K, 100% used [0x00000000d8000000,0x00000000df800000,0x00000000df800000)
  from space 5120K, 99% used [0x00000000dfd00000,0x00000000e01f9f00,0x00000000e0200000)
  to   space 5120K, 0% used [0x00000000df800000,0x00000000df800000,0x00000000dfd00000)
 ParOldGen       total 81920K, used 47648K [0x0000000088000000, 0x000000008d000000, 0x00000000d8000000)
  object space 81920K, 58% used [0x0000000088000000,0x000000008ae88018,0x000000008d000000)
 Metaspace       used 9836K, capacity 10012K, committed 10112K, reserved 1058816K
  class space    used 1061K, capacity 1125K, committed 1152K, reserved 1048576K
Event: 1.787 GC heap after
Heap after GC invocations=5 (full 0):
 PSYoungGen      total 128000K, used 5095K [0x00000000d8000000, 0x00000000ea400000, 0x0000000100000000)
  eden space 122880K, 0% used [0x00000000d8000000,0x00000000d8000000,0x00000000df800000)
  from space 5120K, 99% used [0x00000000df800000,0x00000000dfcf9f00,0x00000000dfd00000)
  to   space 26624K, 0% used [0x00000000e8a00000,0x00000000e8a00000,0x00000000ea400000)
 ParOldGen       total 81920K, used 53688K [0x0000000088000000, 0x000000008d000000, 0x00000000d8000000)
  object space 81920K, 65% used [0x0000000088000000,0x000000008b46e048,0x000000008d000000)
 Metaspace       used 9836K, capacity 10012K, committed 10112K, reserved 1058816K
  class space    used 1061K, capacity 1125K, committed 1152K, reserved 1048576K
}
Event: 1.976 GC heap before
{Heap before GC invocations=6 (full 0):
 PSYoungGen      total 128000K, used 127975K [0x00000000d8000000, 0x00000000ea400000, 0x0000000100000000)
  eden space 122880K, 100% used [0x00000000d8000000,0x00000000df800000,0x00000000df800000)
  from space 5120K, 99% used [0x00000000df800000,0x00000000dfcf9f00,0x00000000dfd00000)
  to   space 26624K, 0% used [0x00000000e8a00000,0x00000000e8a00000,0x00000000ea400000)
 ParOldGen       total 81920K, used 53688K [0x0000000088000000, 0x000000008d000000, 0x00000000d8000000)
  object space 81920K, 65% used [0x0000000088000000,0x000000008b46e048,0x000000008d000000)
 Metaspace       used 9848K, capacity 10012K, committed 10112K, reserved 1058816K
  class space    used 1061K, capacity 1125K, committed 1152K, reserved 1048576K
Event: 2.006 GC heap after
Heap after GC invocations=6 (full 0):
 PSYoungGen      total 271360K, used 10965K [0x00000000d8000000, 0x00000000ea300000, 0x0000000100000000)
  eden space 245760K, 0% used [0x00000000d8000000,0x00000000d8000000,0x00000000e7000000)
  from space 25600K, 42% used [0x00000000e8a00000,0x00000000e94b56e0,0x00000000ea300000)
  to   space 26112K, 0% used [0x00000000e7000000,0x00000000e7000000,0x00000000e8980000)
 ParOldGen       total 81920K, used 53696K [0x0000000088000000, 0x000000008d000000, 0x00000000d8000000)
  object space 81920K, 65% used [0x0000000088000000,0x000000008b470048,0x000000008d000000)
 Metaspace       used 9848K, capacity 10012K, committed 10112K, reserved 1058816K
  class space    used 1061K, capacity 1125K, committed 1152K, reserved 1048576K
}
Event: 2.318 GC heap before
{Heap before GC invocations=7 (full 0):
 PSYoungGen      total 271360K, used 256725K [0x00000000d8000000, 0x00000000ea300000, 0x0000000100000000)
  eden space 245760K, 100% used [0x00000000d8000000,0x00000000e7000000,0x00000000e7000000)
  from space 25600K, 42% used [0x00000000e8a00000,0x00000000e94b56e0,0x00000000ea300000)
  to   space 26112K, 0% used [0x00000000e7000000,0x00000000e7000000,0x00000000e8980000)
 ParOldGen       total 81920K, used 53696K [0x0000000088000000, 0x000000008d000000, 0x00000000d8000000)
  object space 81920K, 65% used [0x0000000088000000,0x000000008b470048,0x000000008d000000)
 Metaspace       used 9883K, capacity 10080K, committed 10112K, reserved 1058816K
  class space    used 1061K, capacity 1125K, committed 1152K, reserved 1048576K

